<?xml version="1.0" encoding="UTF-8"?>
<testng-results ignored="2" total="6" passed="4" failed="0" skipped="0">
  <reporter-output>
  </reporter-output>
  <suite started-at="2023-12-13T13:34:47 IST" name="Suite" finished-at="2023-12-13T13:36:46 IST" duration-ms="119640">
    <groups>
      <group name="cucumber">
        <method signature="AbstractTestNGCucumberTests.runScenario(io.cucumber.testng.PickleWrapper,io.cucumber.testng.FeatureWrapper)[pri:0, instance:testcases.Create_Lead_01@6b26e945]" name="runScenario" class="io.cucumber.testng.AbstractTestNGCucumberTests"/>
        <method signature="AbstractTestNGCucumberTests.runScenario(io.cucumber.testng.PickleWrapper,io.cucumber.testng.FeatureWrapper)[pri:0, instance:testcases.Login_TC_01@4e91d63f]" name="runScenario" class="io.cucumber.testng.AbstractTestNGCucumberTests"/>
      </group> <!-- cucumber -->
    </groups>
    <test started-at="2023-12-13T13:34:47 IST" name="Test" finished-at="2023-12-13T13:36:46 IST" duration-ms="119640">
      <class name="testcases.Login_TC_01">
        <test-method is-config="true" signature="setValue()[pri:0, instance:testcases.Login_TC_01@4e91d63f]" started-at="2023-12-13T13:34:47 IST" name="setValue" finished-at="2023-12-13T13:34:47 IST" duration-ms="1" status="PASS">
          <reporter-output>
          </reporter-output>
        </test-method> <!-- setValue -->
        <test-method is-config="true" signature="setUpClass(org.testng.ITestContext)[pri:0, instance:testcases.Login_TC_01@4e91d63f]" started-at="2023-12-13T13:36:27 IST" name="setUpClass" finished-at="2023-12-13T13:36:27 IST" duration-ms="21" status="PASS">
          <params>
            <param index="0">
              <value>
                <![CDATA[org.testng.TestRunner@727320fa]]>
              </value>
            </param>
          </params>
          <reporter-output>
          </reporter-output>
        </test-method> <!-- setUpClass -->
        <test-method is-config="true" signature="testDetails()[pri:0, instance:testcases.Login_TC_01@4e91d63f]" started-at="2023-12-13T13:36:27 IST" name="testDetails" finished-at="2023-12-13T13:36:27 IST" duration-ms="1" status="PASS">
          <reporter-output>
          </reporter-output>
        </test-method> <!-- testDetails -->
        <test-method is-config="true" signature="preCondition(java.lang.String)[pri:0, instance:testcases.Login_TC_01@4e91d63f]" started-at="2023-12-13T13:36:27 IST" name="preCondition" finished-at="2023-12-13T13:36:35 IST" duration-ms="7981" status="PASS">
          <params>
            <param index="0">
              <value>
                <![CDATA[langName]]>
              </value>
            </param>
          </params>
          <reporter-output>
          </reporter-output>
        </test-method> <!-- preCondition -->
        <test-method signature="runLogin(java.util.Map)[pri:0, instance:testcases.Login_TC_01@4e91d63f]" started-at="2023-12-13T13:36:35 IST" name="runLogin" data-provider="fetchData" finished-at="2023-12-13T13:36:37 IST" duration-ms="2211" status="PASS">
          <params>
            <param index="0">
              <value>
                <![CDATA[{password=crmsfa, firstname=Hari, companyname=Testleaf, username=Demosalesmanager, lastname=R}]]>
              </value>
            </param>
          </params>
          <reporter-output>
          </reporter-output>
        </test-method> <!-- runLogin -->
        <test-method is-config="true" signature="postCondition()[pri:0, instance:testcases.Login_TC_01@4e91d63f]" started-at="2023-12-13T13:36:37 IST" name="postCondition" finished-at="2023-12-13T13:36:38 IST" duration-ms="207" status="PASS">
          <reporter-output>
          </reporter-output>
        </test-method> <!-- postCondition -->
        <test-method is-config="true" signature="preCondition(java.lang.String)[pri:0, instance:testcases.Login_TC_01@4e91d63f]" started-at="2023-12-13T13:36:38 IST" name="preCondition" finished-at="2023-12-13T13:36:44 IST" duration-ms="6196" status="PASS">
          <params>
            <param index="0">
              <value>
                <![CDATA[langName]]>
              </value>
            </param>
          </params>
          <reporter-output>
          </reporter-output>
        </test-method> <!-- preCondition -->
        <test-method signature="runLogin(java.util.Map)[pri:0, instance:testcases.Login_TC_01@4e91d63f]" started-at="2023-12-13T13:36:44 IST" name="runLogin" data-provider="fetchData" finished-at="2023-12-13T13:36:46 IST" duration-ms="2362" status="PASS">
          <params>
            <param index="0">
              <value>
                <![CDATA[{password=crmsfa, firstname=Aravind, companyname=Queagle, username=DemoCSR, lastname=R}]]>
              </value>
            </param>
          </params>
          <reporter-output>
          </reporter-output>
        </test-method> <!-- runLogin -->
        <test-method is-config="true" signature="postCondition()[pri:0, instance:testcases.Login_TC_01@4e91d63f]" started-at="2023-12-13T13:36:46 IST" name="postCondition" finished-at="2023-12-13T13:36:46 IST" duration-ms="126" status="PASS">
          <reporter-output>
          </reporter-output>
        </test-method> <!-- postCondition -->
        <test-method is-config="true" signature="tearDownClass()[pri:0, instance:testcases.Login_TC_01@4e91d63f]" started-at="2023-12-13T13:36:46 IST" name="tearDownClass" finished-at="2023-12-13T13:36:46 IST" duration-ms="6" status="PASS">
          <reporter-output>
          </reporter-output>
        </test-method> <!-- tearDownClass -->
      </class> <!-- testcases.Login_TC_01 -->
      <class name="testcases.Create_Lead_01">
        <test-method is-config="true" signature="startReport()[pri:0, instance:testcases.Create_Lead_01@6b26e945]" started-at="2023-12-13T13:34:46 IST" name="startReport" finished-at="2023-12-13T13:34:47 IST" duration-ms="348" status="PASS">
          <reporter-output>
          </reporter-output>
        </test-method> <!-- startReport -->
        <test-method is-config="true" signature="setValue()[pri:0, instance:testcases.Create_Lead_01@6b26e945]" started-at="2023-12-13T13:34:47 IST" name="setValue" finished-at="2023-12-13T13:34:47 IST" duration-ms="1" status="PASS">
          <reporter-output>
          </reporter-output>
        </test-method> <!-- setValue -->
        <test-method is-config="true" signature="setUpClass(org.testng.ITestContext)[pri:0, instance:testcases.Create_Lead_01@6b26e945]" started-at="2023-12-13T13:34:47 IST" name="setUpClass" finished-at="2023-12-13T13:34:47 IST" duration-ms="363" status="PASS">
          <params>
            <param index="0">
              <value>
                <![CDATA[org.testng.TestRunner@727320fa]]>
              </value>
            </param>
          </params>
          <reporter-output>
          </reporter-output>
        </test-method> <!-- setUpClass -->
        <test-method is-config="true" signature="testDetails()[pri:0, instance:testcases.Create_Lead_01@6b26e945]" started-at="2023-12-13T13:34:47 IST" name="testDetails" finished-at="2023-12-13T13:34:47 IST" duration-ms="9" status="PASS">
          <reporter-output>
          </reporter-output>
        </test-method> <!-- testDetails -->
        <test-method is-config="true" signature="preCondition(java.lang.String)[pri:0, instance:testcases.Create_Lead_01@6b26e945]" started-at="2023-12-13T13:34:47 IST" name="preCondition" finished-at="2023-12-13T13:34:55 IST" duration-ms="7683" status="PASS">
          <params>
            <param index="0">
              <value>
                <![CDATA[langName]]>
              </value>
            </param>
          </params>
          <reporter-output>
          </reporter-output>
        </test-method> <!-- preCondition -->
        <test-method signature="runCreateLead(java.util.Map)[pri:0, instance:testcases.Create_Lead_01@6b26e945]" started-at="2023-12-13T13:34:55 IST" name="runCreateLead" data-provider="fetchData" finished-at="2023-12-13T13:35:34 IST" duration-ms="38769" status="PASS">
          <params>
            <param index="0">
              <value>
                <![CDATA[{password=crmsfa, firstname=Hari, companyname=Testleaf, username=Demosalesmanager, lastname=R}]]>
              </value>
            </param>
          </params>
          <reporter-output>
          </reporter-output>
        </test-method> <!-- runCreateLead -->
        <test-method is-config="true" signature="postCondition()[pri:0, instance:testcases.Create_Lead_01@6b26e945]" started-at="2023-12-13T13:35:34 IST" name="postCondition" finished-at="2023-12-13T13:35:34 IST" duration-ms="250" status="PASS">
          <reporter-output>
          </reporter-output>
        </test-method> <!-- postCondition -->
        <test-method is-config="true" signature="preCondition(java.lang.String)[pri:0, instance:testcases.Create_Lead_01@6b26e945]" started-at="2023-12-13T13:35:34 IST" name="preCondition" finished-at="2023-12-13T13:35:40 IST" duration-ms="6241" status="PASS">
          <params>
            <param index="0">
              <value>
                <![CDATA[langName]]>
              </value>
            </param>
          </params>
          <reporter-output>
          </reporter-output>
        </test-method> <!-- preCondition -->
        <test-method signature="runCreateLead(java.util.Map)[pri:0, instance:testcases.Create_Lead_01@6b26e945]" started-at="2023-12-13T13:35:40 IST" name="runCreateLead" data-provider="fetchData" finished-at="2023-12-13T13:36:27 IST" duration-ms="46881" status="PASS">
          <params>
            <param index="0">
              <value>
                <![CDATA[{password=crmsfa, firstname=Aravind, companyname=Queagle, username=DemoCSR, lastname=R}]]>
              </value>
            </param>
          </params>
          <reporter-output>
          </reporter-output>
        </test-method> <!-- runCreateLead -->
        <test-method is-config="true" signature="postCondition()[pri:0, instance:testcases.Create_Lead_01@6b26e945]" started-at="2023-12-13T13:36:27 IST" name="postCondition" finished-at="2023-12-13T13:36:27 IST" duration-ms="206" status="PASS">
          <reporter-output>
          </reporter-output>
        </test-method> <!-- postCondition -->
        <test-method is-config="true" signature="tearDownClass()[pri:0, instance:testcases.Create_Lead_01@6b26e945]" started-at="2023-12-13T13:36:27 IST" name="tearDownClass" finished-at="2023-12-13T13:36:27 IST" duration-ms="38" status="PASS">
          <reporter-output>
          </reporter-output>
        </test-method> <!-- tearDownClass -->
        <test-method is-config="true" signature="stopReport()[pri:0, instance:testcases.Create_Lead_01@6b26e945]" started-at="2023-12-13T13:36:47 IST" name="stopReport" finished-at="2023-12-13T13:36:47 IST" duration-ms="638" status="PASS">
          <reporter-output>
          </reporter-output>
        </test-method> <!-- stopReport -->
      </class> <!-- testcases.Create_Lead_01 -->
    </test> <!-- Test -->
  </suite> <!-- Suite -->
</testng-results>
