<?xml version="1.0" encoding="UTF-8"?>
<testsuite xmlns:xsi="http://www.w3.org/2001/XMLSchema-instance" xsi:noNamespaceSchemaLocation="https://maven.apache.org/surefire/maven-surefire-plugin/xsd/surefire-test-report-3.0.xsd" version="3.0" name="TestSuite" time="121.604" tests="4" errors="0" skipped="0" failures="0">
  <properties>
[...]
</properties>
  <testcase name="runCreateLead[{password=crmsfa, firstname=Hari, companyname=Testleaf, username=Demosalesmanager, lastname=R}](1)" classname="testcases.Create_Lead_01" time="38.77">
    <system-out><![CDATA[{password=crmsfa, firstname=Hari, companyname=Testleaf, username=Demosalesmanager, lastname=R}
{password=crmsfa, firstname=Aravind, companyname=Queagle, username=DemoCSR, lastname=R}
{password=crmsfa, firstname=Hari, companyname=Testleaf, username=Demosalesmanager, lastname=R}
Demosalesmanager
crmsfa
com.aventstack.extentreports.ExtentTest@6a9b0a6f
com.aventstack.extentreports.ExtentTest@6a9b0a6f
com.aventstack.extentreports.ExtentTest@6a9b0a6f
null
]]></system-out>
    <system-err><![CDATA[Dec 13, 2023 1:34:47 PM io.cucumber.core.runtime.FeaturePathFeatureSupplier get
WARNING: No features found at classpath:/testcases
Dec 13, 2023 1:34:47 PM org.openqa.selenium.manager.SeleniumManager lambda$runCommand$1
INFO: Driver path: /home/oem/.cache/selenium/chromedriver/linux64/120.0.6099.71/chromedriver
Dec 13, 2023 1:34:47 PM org.openqa.selenium.manager.SeleniumManager lambda$runCommand$1
INFO: Browser path: /home/oem/.cache/selenium/chrome/linux64/120.0.6099.71/chrome
SLF4J: Failed to load class "org.slf4j.impl.StaticLoggerBinder".
SLF4J: Defaulting to no-operation (NOP) logger implementation
SLF4J: See http://www.slf4j.org/codes.html#StaticLoggerBinder for further details.
Dec 13, 2023 1:34:50 PM org.openqa.selenium.devtools.CdpVersionFinder findNearestMatch
WARNING: Unable to find an exact match for CDP version 120, so returning the closest version found: 116
]]></system-err>
  </testcase>
  <testcase name="runCreateLead[{password=crmsfa, firstname=Aravind, companyname=Queagle, username=DemoCSR, lastname=R}](2)" classname="testcases.Create_Lead_01" time="46.881">
    <system-out><![CDATA[{password=crmsfa, firstname=Aravind, companyname=Queagle, username=DemoCSR, lastname=R}
DemoCSR
crmsfa
com.aventstack.extentreports.ExtentTest@6a9b0a6f
com.aventstack.extentreports.ExtentTest@6a9b0a6f
com.aventstack.extentreports.ExtentTest@6a9b0a6f
null
]]></system-out>
    <system-err><![CDATA[Dec 13, 2023 1:35:34 PM org.openqa.selenium.manager.SeleniumManager lambda$runCommand$1
INFO: Driver path: /home/oem/.cache/selenium/chromedriver/linux64/120.0.6099.71/chromedriver
Dec 13, 2023 1:35:34 PM org.openqa.selenium.manager.SeleniumManager lambda$runCommand$1
INFO: Browser path: /home/oem/.cache/selenium/chrome/linux64/120.0.6099.71/chrome
Dec 13, 2023 1:35:36 PM org.openqa.selenium.devtools.CdpVersionFinder findNearestMatch
WARNING: Unable to find an exact match for CDP version 120, so returning the closest version found: 116
]]></system-err>
  </testcase>
  <testcase name="runLogin[{password=crmsfa, firstname=Hari, companyname=Testleaf, username=Demosalesmanager, lastname=R}](1)" classname="testcases.Login_TC_01" time="2.204">
    <system-out><![CDATA[{password=crmsfa, firstname=Hari, companyname=Testleaf, username=Demosalesmanager, lastname=R}
{password=crmsfa, firstname=Aravind, companyname=Queagle, username=DemoCSR, lastname=R}
Demosalesmanager
crmsfa
com.aventstack.extentreports.ExtentTest@688d411b
com.aventstack.extentreports.ExtentTest@688d411b
com.aventstack.extentreports.ExtentTest@688d411b
Homepage is verified
]]></system-out>
    <system-err><![CDATA[&amp#27;[32m&amp#27;[1m┌───────────────────────────────────────────────────────────────────────────────────┐&amp#27;[0m
&amp#27;[32m&amp#27;[1m│&amp#27;[0m Share your Cucumber Report with your team at &amp#27;[36m&amp#27;[1m&amp#27;[4mhttps://reports.cucumber.io&amp#27;[0m          &amp#27;[32m&amp#27;[1m│&amp#27;[0m
&amp#27;[32m&amp#27;[1m│&amp#27;[0m Activate publishing with one of the following:                                    &amp#27;[32m&amp#27;[1m│&amp#27;[0m
&amp#27;[32m&amp#27;[1m│&amp#27;[0m                                                                                   &amp#27;[32m&amp#27;[1m│&amp#27;[0m
&amp#27;[32m&amp#27;[1m│&amp#27;[0m src/test/resources/cucumber.properties:          &amp#27;[36mcucumber.publish.enabled&amp#27;[0m=&amp#27;[36mtrue&amp#27;[0m    &amp#27;[32m&amp#27;[1m│&amp#27;[0m
&amp#27;[32m&amp#27;[1m│&amp#27;[0m src/test/resources/junit-platform.properties:    &amp#27;[36mcucumber.publish.enabled&amp#27;[0m=&amp#27;[36mtrue&amp#27;[0m    &amp#27;[32m&amp#27;[1m│&amp#27;[0m
&amp#27;[32m&amp#27;[1m│&amp#27;[0m Environment variable:                            &amp#27;[36mCUCUMBER_PUBLISH_ENABLED&amp#27;[0m=&amp#27;[36mtrue&amp#27;[0m    &amp#27;[32m&amp#27;[1m│&amp#27;[0m
&amp#27;[32m&amp#27;[1m│&amp#27;[0m JUnit:                                           &amp#27;[36m@CucumberOptions&amp#27;[0m(publish = &amp#27;[36mtrue&amp#27;[0m) &amp#27;[32m&amp#27;[1m│&amp#27;[0m
&amp#27;[32m&amp#27;[1m│&amp#27;[0m                                                                                   &amp#27;[32m&amp#27;[1m│&amp#27;[0m
&amp#27;[32m&amp#27;[1m│&amp#27;[0m More information at &amp#27;[36mhttps://cucumber.io/docs/cucumber/environment-variables/&amp#27;[0m      &amp#27;[32m&amp#27;[1m│&amp#27;[0m
&amp#27;[32m&amp#27;[1m│&amp#27;[0m                                                                                   &amp#27;[32m&amp#27;[1m│&amp#27;[0m
&amp#27;[32m&amp#27;[1m│&amp#27;[0m Disable this message with one of the following:                                   &amp#27;[32m&amp#27;[1m│&amp#27;[0m
&amp#27;[32m&amp#27;[1m│&amp#27;[0m                                                                                   &amp#27;[32m&amp#27;[1m│&amp#27;[0m
&amp#27;[32m&amp#27;[1m│&amp#27;[0m src/test/resources/cucumber.properties:          &amp#27;[36mcucumber.publish.quiet&amp#27;[0m=&amp#27;[36mtrue&amp#27;[0m      &amp#27;[32m&amp#27;[1m│&amp#27;[0m
&amp#27;[32m&amp#27;[1m│&amp#27;[0m src/test/resources/junit-platform.properties:    &amp#27;[36mcucumber.publish.quiet&amp#27;[0m=&amp#27;[36mtrue&amp#27;[0m      &amp#27;[32m&amp#27;[1m│&amp#27;[0m
&amp#27;[32m&amp#27;[1m└───────────────────────────────────────────────────────────────────────────────────┘&amp#27;[0m
Dec 13, 2023 1:36:27 PM io.cucumber.core.runtime.FeaturePathFeatureSupplier get
WARNING: No features found at classpath:/testcases
Dec 13, 2023 1:36:27 PM org.openqa.selenium.manager.SeleniumManager lambda$runCommand$1
INFO: Driver path: /home/oem/.cache/selenium/chromedriver/linux64/120.0.6099.71/chromedriver
Dec 13, 2023 1:36:27 PM org.openqa.selenium.manager.SeleniumManager lambda$runCommand$1
INFO: Browser path: /home/oem/.cache/selenium/chrome/linux64/120.0.6099.71/chrome
Dec 13, 2023 1:36:30 PM org.openqa.selenium.devtools.CdpVersionFinder findNearestMatch
WARNING: Unable to find an exact match for CDP version 120, so returning the closest version found: 116
]]></system-err>
  </testcase>
  <testcase name="runLogin[{password=crmsfa, firstname=Aravind, companyname=Queagle, username=DemoCSR, lastname=R}](2)" classname="testcases.Login_TC_01" time="2.361">
    <system-out><![CDATA[DemoCSR
crmsfa
com.aventstack.extentreports.ExtentTest@688d411b
com.aventstack.extentreports.ExtentTest@688d411b
com.aventstack.extentreports.ExtentTest@688d411b
Homepage is verified
]]></system-out>
    <system-err><![CDATA[Dec 13, 2023 1:36:38 PM org.openqa.selenium.manager.SeleniumManager lambda$runCommand$1
INFO: Driver path: /home/oem/.cache/selenium/chromedriver/linux64/120.0.6099.71/chromedriver
Dec 13, 2023 1:36:38 PM org.openqa.selenium.manager.SeleniumManager lambda$runCommand$1
INFO: Browser path: /home/oem/.cache/selenium/chrome/linux64/120.0.6099.71/chrome
Dec 13, 2023 1:36:39 PM org.openqa.selenium.devtools.CdpVersionFinder findNearestMatch
WARNING: Unable to find an exact match for CDP version 120, so returning the closest version found: 116
]]></system-err>
  </testcase>
</testsuite>