<?xml version="1.0" encoding="UTF-8"?>
<testng-results ignored="4" total="12" passed="8" failed="0" skipped="0">
  <reporter-output>
  </reporter-output>
  <suite started-at="2023-12-24T19:40:37 IST" name="Suite" finished-at="2023-12-24T19:43:53 IST" duration-ms="195278">
    <groups>
      <group name="cucumber">
        <method signature="AbstractTestNGCucumberTests.runScenario(io.cucumber.testng.PickleWrapper,io.cucumber.testng.FeatureWrapper)[pri:0, instance:testcases.Create_Lead_01@409bf450]" name="runScenario" class="io.cucumber.testng.AbstractTestNGCucumberTests"/>
        <method signature="AbstractTestNGCucumberTests.runScenario(io.cucumber.testng.PickleWrapper,io.cucumber.testng.FeatureWrapper)[pri:0, instance:testcases.Login_TC_01@18078bef]" name="runScenario" class="io.cucumber.testng.AbstractTestNGCucumberTests"/>
        <method signature="AbstractTestNGCucumberTests.runScenario(io.cucumber.testng.PickleWrapper,io.cucumber.testng.FeatureWrapper)[pri:0, instance:testcases.Create_Lead_01@5e0e82ae]" name="runScenario" class="io.cucumber.testng.AbstractTestNGCucumberTests"/>
        <method signature="AbstractTestNGCucumberTests.runScenario(io.cucumber.testng.PickleWrapper,io.cucumber.testng.FeatureWrapper)[pri:0, instance:testcases.Login_TC_01@6b2ea799]" name="runScenario" class="io.cucumber.testng.AbstractTestNGCucumberTests"/>
      </group> <!-- cucumber -->
    </groups>
    <test started-at="2023-12-24T19:40:37 IST" name="Properties_File_English" finished-at="2023-12-24T19:42:14 IST" duration-ms="97065">
      <class name="testcases.Login_TC_01">
        <test-method is-config="true" signature="setValue()[pri:0, instance:testcases.Login_TC_01@18078bef]" started-at="2023-12-24T19:40:37 IST" name="setValue" finished-at="2023-12-24T19:40:37 IST" duration-ms="0" status="PASS">
          <reporter-output>
          </reporter-output>
        </test-method> <!-- setValue -->
        <test-method is-config="true" signature="setUpClass(org.testng.ITestContext)[pri:0, instance:testcases.Login_TC_01@18078bef]" started-at="2023-12-24T19:41:57 IST" name="setUpClass" finished-at="2023-12-24T19:41:57 IST" duration-ms="28" status="PASS">
          <params>
            <param index="0">
              <value>
                <![CDATA[org.testng.TestRunner@b950f82]]>
              </value>
            </param>
          </params>
          <reporter-output>
          </reporter-output>
        </test-method> <!-- setUpClass -->
        <test-method is-config="true" signature="testDetails()[pri:0, instance:testcases.Login_TC_01@18078bef]" started-at="2023-12-24T19:41:57 IST" name="testDetails" finished-at="2023-12-24T19:41:57 IST" duration-ms="4" status="PASS">
          <reporter-output>
          </reporter-output>
        </test-method> <!-- testDetails -->
        <test-method is-config="true" signature="preCondition(java.lang.String)[pri:0, instance:testcases.Login_TC_01@18078bef]" started-at="2023-12-24T19:41:57 IST" name="preCondition" finished-at="2023-12-24T19:42:03 IST" duration-ms="5871" status="PASS">
          <params>
            <param index="0">
              <value>
                <![CDATA[english]]>
              </value>
            </param>
          </params>
          <reporter-output>
          </reporter-output>
        </test-method> <!-- preCondition -->
        <test-method signature="runLogin(java.util.Map)[pri:0, instance:testcases.Login_TC_01@18078bef]" started-at="2023-12-24T19:42:03 IST" name="runLogin" data-provider="fetchData" finished-at="2023-12-24T19:42:05 IST" duration-ms="2672" status="PASS">
          <params>
            <param index="0">
              <value>
                <![CDATA[{password=crmsfa, firstname=Hari, companyname=Testleaf, username=Demosalesmanager, lastname=R}]]>
              </value>
            </param>
          </params>
          <reporter-output>
          </reporter-output>
        </test-method> <!-- runLogin -->
        <test-method is-config="true" signature="postCondition()[pri:0, instance:testcases.Login_TC_01@18078bef]" started-at="2023-12-24T19:42:05 IST" name="postCondition" finished-at="2023-12-24T19:42:05 IST" duration-ms="223" status="PASS">
          <reporter-output>
          </reporter-output>
        </test-method> <!-- postCondition -->
        <test-method is-config="true" signature="preCondition(java.lang.String)[pri:0, instance:testcases.Login_TC_01@18078bef]" started-at="2023-12-24T19:42:05 IST" name="preCondition" finished-at="2023-12-24T19:42:11 IST" duration-ms="5878" status="PASS">
          <params>
            <param index="0">
              <value>
                <![CDATA[english]]>
              </value>
            </param>
          </params>
          <reporter-output>
          </reporter-output>
        </test-method> <!-- preCondition -->
        <test-method signature="runLogin(java.util.Map)[pri:0, instance:testcases.Login_TC_01@18078bef]" started-at="2023-12-24T19:42:11 IST" name="runLogin" data-provider="fetchData" finished-at="2023-12-24T19:42:14 IST" duration-ms="2924" status="PASS">
          <params>
            <param index="0">
              <value>
                <![CDATA[{password=crmsfa, firstname=Aravind, companyname=Queagle, username=DemoCSR, lastname=R}]]>
              </value>
            </param>
          </params>
          <reporter-output>
          </reporter-output>
        </test-method> <!-- runLogin -->
        <test-method is-config="true" signature="postCondition()[pri:0, instance:testcases.Login_TC_01@18078bef]" started-at="2023-12-24T19:42:14 IST" name="postCondition" finished-at="2023-12-24T19:42:14 IST" duration-ms="197" status="PASS">
          <reporter-output>
          </reporter-output>
        </test-method> <!-- postCondition -->
        <test-method is-config="true" signature="tearDownClass()[pri:0, instance:testcases.Login_TC_01@18078bef]" started-at="2023-12-24T19:42:14 IST" name="tearDownClass" finished-at="2023-12-24T19:42:14 IST" duration-ms="23" status="PASS">
          <reporter-output>
          </reporter-output>
        </test-method> <!-- tearDownClass -->
      </class> <!-- testcases.Login_TC_01 -->
      <class name="testcases.Create_Lead_01">
        <test-method is-config="true" signature="setValue()[pri:0, instance:testcases.Create_Lead_01@409bf450]" started-at="2023-12-24T19:40:37 IST" name="setValue" finished-at="2023-12-24T19:40:37 IST" duration-ms="0" status="PASS">
          <reporter-output>
          </reporter-output>
        </test-method> <!-- setValue -->
        <test-method is-config="true" signature="setUpClass(org.testng.ITestContext)[pri:0, instance:testcases.Create_Lead_01@409bf450]" started-at="2023-12-24T19:40:37 IST" name="setUpClass" finished-at="2023-12-24T19:40:38 IST" duration-ms="386" status="PASS">
          <params>
            <param index="0">
              <value>
                <![CDATA[org.testng.TestRunner@b950f82]]>
              </value>
            </param>
          </params>
          <reporter-output>
          </reporter-output>
        </test-method> <!-- setUpClass -->
        <test-method is-config="true" signature="testDetails()[pri:0, instance:testcases.Create_Lead_01@409bf450]" started-at="2023-12-24T19:40:38 IST" name="testDetails" finished-at="2023-12-24T19:40:38 IST" duration-ms="25" status="PASS">
          <reporter-output>
          </reporter-output>
        </test-method> <!-- testDetails -->
        <test-method is-config="true" signature="preCondition(java.lang.String)[pri:0, instance:testcases.Create_Lead_01@409bf450]" started-at="2023-12-24T19:40:38 IST" name="preCondition" finished-at="2023-12-24T19:40:46 IST" duration-ms="8313" status="PASS">
          <params>
            <param index="0">
              <value>
                <![CDATA[english]]>
              </value>
            </param>
          </params>
          <reporter-output>
          </reporter-output>
        </test-method> <!-- preCondition -->
        <test-method signature="runCreateLead(java.util.Map)[pri:0, instance:testcases.Create_Lead_01@409bf450]" started-at="2023-12-24T19:40:46 IST" name="runCreateLead" data-provider="fetchData" finished-at="2023-12-24T19:41:24 IST" duration-ms="38065" status="PASS">
          <params>
            <param index="0">
              <value>
                <![CDATA[{password=crmsfa, firstname=Hari, companyname=Testleaf, username=Demosalesmanager, lastname=R}]]>
              </value>
            </param>
          </params>
          <reporter-output>
          </reporter-output>
        </test-method> <!-- runCreateLead -->
        <test-method is-config="true" signature="postCondition()[pri:0, instance:testcases.Create_Lead_01@409bf450]" started-at="2023-12-24T19:41:24 IST" name="postCondition" finished-at="2023-12-24T19:41:25 IST" duration-ms="213" status="PASS">
          <reporter-output>
          </reporter-output>
        </test-method> <!-- postCondition -->
        <test-method is-config="true" signature="preCondition(java.lang.String)[pri:0, instance:testcases.Create_Lead_01@409bf450]" started-at="2023-12-24T19:41:25 IST" name="preCondition" finished-at="2023-12-24T19:41:30 IST" duration-ms="5688" status="PASS">
          <params>
            <param index="0">
              <value>
                <![CDATA[english]]>
              </value>
            </param>
          </params>
          <reporter-output>
          </reporter-output>
        </test-method> <!-- preCondition -->
        <test-method signature="runCreateLead(java.util.Map)[pri:0, instance:testcases.Create_Lead_01@409bf450]" started-at="2023-12-24T19:41:30 IST" name="runCreateLead" data-provider="fetchData" finished-at="2023-12-24T19:41:56 IST" duration-ms="26164" status="PASS">
          <params>
            <param index="0">
              <value>
                <![CDATA[{password=crmsfa, firstname=Aravind, companyname=Queagle, username=DemoCSR, lastname=R}]]>
              </value>
            </param>
          </params>
          <reporter-output>
          </reporter-output>
        </test-method> <!-- runCreateLead -->
        <test-method is-config="true" signature="postCondition()[pri:0, instance:testcases.Create_Lead_01@409bf450]" started-at="2023-12-24T19:41:56 IST" name="postCondition" finished-at="2023-12-24T19:41:57 IST" duration-ms="202" status="PASS">
          <reporter-output>
          </reporter-output>
        </test-method> <!-- postCondition -->
        <test-method is-config="true" signature="tearDownClass()[pri:0, instance:testcases.Create_Lead_01@409bf450]" started-at="2023-12-24T19:41:57 IST" name="tearDownClass" finished-at="2023-12-24T19:41:57 IST" duration-ms="33" status="PASS">
          <reporter-output>
          </reporter-output>
        </test-method> <!-- tearDownClass -->
      </class> <!-- testcases.Create_Lead_01 -->
    </test> <!-- Properties_File_English -->
    <test started-at="2023-12-24T19:42:15 IST" name="Properties_File_French" finished-at="2023-12-24T19:43:53 IST" duration-ms="98146">
      <class name="testcases.Login_TC_01">
        <test-method is-config="true" signature="setValue()[pri:0, instance:testcases.Login_TC_01@6b2ea799]" started-at="2023-12-24T19:42:15 IST" name="setValue" finished-at="2023-12-24T19:42:15 IST" duration-ms="2" status="PASS">
          <reporter-output>
          </reporter-output>
        </test-method> <!-- setValue -->
        <test-method is-config="true" signature="setUpClass(org.testng.ITestContext)[pri:0, instance:testcases.Login_TC_01@6b2ea799]" started-at="2023-12-24T19:43:32 IST" name="setUpClass" finished-at="2023-12-24T19:43:32 IST" duration-ms="32" status="PASS">
          <params>
            <param index="0">
              <value>
                <![CDATA[org.testng.TestRunner@5d352de0]]>
              </value>
            </param>
          </params>
          <reporter-output>
          </reporter-output>
        </test-method> <!-- setUpClass -->
        <test-method is-config="true" signature="testDetails()[pri:0, instance:testcases.Login_TC_01@6b2ea799]" started-at="2023-12-24T19:43:32 IST" name="testDetails" finished-at="2023-12-24T19:43:32 IST" duration-ms="1" status="PASS">
          <reporter-output>
          </reporter-output>
        </test-method> <!-- testDetails -->
        <test-method is-config="true" signature="preCondition(java.lang.String)[pri:0, instance:testcases.Login_TC_01@6b2ea799]" started-at="2023-12-24T19:43:32 IST" name="preCondition" finished-at="2023-12-24T19:43:40 IST" duration-ms="8008" status="PASS">
          <params>
            <param index="0">
              <value>
                <![CDATA[french]]>
              </value>
            </param>
          </params>
          <reporter-output>
          </reporter-output>
        </test-method> <!-- preCondition -->
        <test-method signature="runLogin(java.util.Map)[pri:0, instance:testcases.Login_TC_01@6b2ea799]" started-at="2023-12-24T19:43:40 IST" name="runLogin" data-provider="fetchData" finished-at="2023-12-24T19:43:44 IST" duration-ms="3937" status="PASS">
          <params>
            <param index="0">
              <value>
                <![CDATA[{password=crmsfa, firstname=Hari, companyname=Testleaf, username=Demosalesmanager, lastname=R}]]>
              </value>
            </param>
          </params>
          <reporter-output>
          </reporter-output>
        </test-method> <!-- runLogin -->
        <test-method is-config="true" signature="postCondition()[pri:0, instance:testcases.Login_TC_01@6b2ea799]" started-at="2023-12-24T19:43:44 IST" name="postCondition" finished-at="2023-12-24T19:43:44 IST" duration-ms="217" status="PASS">
          <reporter-output>
          </reporter-output>
        </test-method> <!-- postCondition -->
        <test-method is-config="true" signature="preCondition(java.lang.String)[pri:0, instance:testcases.Login_TC_01@6b2ea799]" started-at="2023-12-24T19:43:44 IST" name="preCondition" finished-at="2023-12-24T19:43:50 IST" duration-ms="6275" status="PASS">
          <params>
            <param index="0">
              <value>
                <![CDATA[french]]>
              </value>
            </param>
          </params>
          <reporter-output>
          </reporter-output>
        </test-method> <!-- preCondition -->
        <test-method signature="runLogin(java.util.Map)[pri:0, instance:testcases.Login_TC_01@6b2ea799]" started-at="2023-12-24T19:43:50 IST" name="runLogin" data-provider="fetchData" finished-at="2023-12-24T19:43:52 IST" duration-ms="1989" status="PASS">
          <params>
            <param index="0">
              <value>
                <![CDATA[{password=crmsfa, firstname=Aravind, companyname=Queagle, username=DemoCSR, lastname=R}]]>
              </value>
            </param>
          </params>
          <reporter-output>
          </reporter-output>
        </test-method> <!-- runLogin -->
        <test-method is-config="true" signature="postCondition()[pri:0, instance:testcases.Login_TC_01@6b2ea799]" started-at="2023-12-24T19:43:52 IST" name="postCondition" finished-at="2023-12-24T19:43:53 IST" duration-ms="310" status="PASS">
          <reporter-output>
          </reporter-output>
        </test-method> <!-- postCondition -->
        <test-method is-config="true" signature="tearDownClass()[pri:0, instance:testcases.Login_TC_01@6b2ea799]" started-at="2023-12-24T19:43:53 IST" name="tearDownClass" finished-at="2023-12-24T19:43:53 IST" duration-ms="13" status="PASS">
          <reporter-output>
          </reporter-output>
        </test-method> <!-- tearDownClass -->
      </class> <!-- testcases.Login_TC_01 -->
      <class name="testcases.Create_Lead_01">
        <test-method is-config="true" signature="startReport()[pri:0, instance:testcases.Create_Lead_01@5e0e82ae]" started-at="2023-12-24T19:40:37 IST" name="startReport" finished-at="2023-12-24T19:40:37 IST" duration-ms="383" status="PASS">
          <reporter-output>
          </reporter-output>
        </test-method> <!-- startReport -->
        <test-method is-config="true" signature="setValue()[pri:0, instance:testcases.Create_Lead_01@5e0e82ae]" started-at="2023-12-24T19:42:15 IST" name="setValue" finished-at="2023-12-24T19:42:15 IST" duration-ms="0" status="PASS">
          <reporter-output>
          </reporter-output>
        </test-method> <!-- setValue -->
        <test-method is-config="true" signature="setUpClass(org.testng.ITestContext)[pri:0, instance:testcases.Create_Lead_01@5e0e82ae]" started-at="2023-12-24T19:42:15 IST" name="setUpClass" finished-at="2023-12-24T19:42:15 IST" duration-ms="59" status="PASS">
          <params>
            <param index="0">
              <value>
                <![CDATA[org.testng.TestRunner@5d352de0]]>
              </value>
            </param>
          </params>
          <reporter-output>
          </reporter-output>
        </test-method> <!-- setUpClass -->
        <test-method is-config="true" signature="testDetails()[pri:0, instance:testcases.Create_Lead_01@5e0e82ae]" started-at="2023-12-24T19:42:15 IST" name="testDetails" finished-at="2023-12-24T19:42:15 IST" duration-ms="1" status="PASS">
          <reporter-output>
          </reporter-output>
        </test-method> <!-- testDetails -->
        <test-method is-config="true" signature="preCondition(java.lang.String)[pri:0, instance:testcases.Create_Lead_01@5e0e82ae]" started-at="2023-12-24T19:42:15 IST" name="preCondition" finished-at="2023-12-24T19:42:21 IST" duration-ms="6058" status="PASS">
          <params>
            <param index="0">
              <value>
                <![CDATA[french]]>
              </value>
            </param>
          </params>
          <reporter-output>
          </reporter-output>
        </test-method> <!-- preCondition -->
        <test-method signature="runCreateLead(java.util.Map)[pri:0, instance:testcases.Create_Lead_01@5e0e82ae]" started-at="2023-12-24T19:42:21 IST" name="runCreateLead" data-provider="fetchData" finished-at="2023-12-24T19:42:53 IST" duration-ms="32096" status="PASS">
          <params>
            <param index="0">
              <value>
                <![CDATA[{password=crmsfa, firstname=Hari, companyname=Testleaf, username=Demosalesmanager, lastname=R}]]>
              </value>
            </param>
          </params>
          <reporter-output>
          </reporter-output>
        </test-method> <!-- runCreateLead -->
        <test-method is-config="true" signature="postCondition()[pri:0, instance:testcases.Create_Lead_01@5e0e82ae]" started-at="2023-12-24T19:42:53 IST" name="postCondition" finished-at="2023-12-24T19:42:53 IST" duration-ms="181" status="PASS">
          <reporter-output>
          </reporter-output>
        </test-method> <!-- postCondition -->
        <test-method is-config="true" signature="preCondition(java.lang.String)[pri:0, instance:testcases.Create_Lead_01@5e0e82ae]" started-at="2023-12-24T19:42:53 IST" name="preCondition" finished-at="2023-12-24T19:43:02 IST" duration-ms="8772" status="PASS">
          <params>
            <param index="0">
              <value>
                <![CDATA[french]]>
              </value>
            </param>
          </params>
          <reporter-output>
          </reporter-output>
        </test-method> <!-- preCondition -->
        <test-method signature="runCreateLead(java.util.Map)[pri:0, instance:testcases.Create_Lead_01@5e0e82ae]" started-at="2023-12-24T19:43:02 IST" name="runCreateLead" data-provider="fetchData" finished-at="2023-12-24T19:43:32 IST" duration-ms="29796" status="PASS">
          <params>
            <param index="0">
              <value>
                <![CDATA[{password=crmsfa, firstname=Aravind, companyname=Queagle, username=DemoCSR, lastname=R}]]>
              </value>
            </param>
          </params>
          <reporter-output>
          </reporter-output>
        </test-method> <!-- runCreateLead -->
        <test-method is-config="true" signature="postCondition()[pri:0, instance:testcases.Create_Lead_01@5e0e82ae]" started-at="2023-12-24T19:43:32 IST" name="postCondition" finished-at="2023-12-24T19:43:32 IST" duration-ms="351" status="PASS">
          <reporter-output>
          </reporter-output>
        </test-method> <!-- postCondition -->
        <test-method is-config="true" signature="tearDownClass()[pri:0, instance:testcases.Create_Lead_01@5e0e82ae]" started-at="2023-12-24T19:43:32 IST" name="tearDownClass" finished-at="2023-12-24T19:43:32 IST" duration-ms="2" status="PASS">
          <reporter-output>
          </reporter-output>
        </test-method> <!-- tearDownClass -->
        <test-method is-config="true" signature="stopReport()[pri:0, instance:testcases.Create_Lead_01@5e0e82ae]" started-at="2023-12-24T19:43:53 IST" name="stopReport" finished-at="2023-12-24T19:43:53 IST" duration-ms="592" status="PASS">
          <reporter-output>
          </reporter-output>
        </test-method> <!-- stopReport -->
      </class> <!-- testcases.Create_Lead_01 -->
    </test> <!-- Properties_File_French -->
  </suite> <!-- Suite -->
</testng-results>
