<?xml version="1.0" encoding="UTF-8"?>
<!-- Generated by org.testng.reporters.JUnitXMLReporter -->
<testsuite ignored="0" hostname="User" failures="0" tests="4" name="Properties_File_French" time="48.836" errors="0" timestamp="2023-12-03T18:30:47 IST">
  <testcase classname="testcases.Create_Lead_01" name="runCreateLead" time="11.444"/>
  <testcase classname="testcases.Create_Lead_01" name="runCreateLead" time="10.022"/>
  <testcase classname="testcases.Login_TC_01" name="runLogin" time="1.292"/>
  <testcase classname="testcases.Login_TC_01" name="runLogin" time="1.024"/>
</testsuite> <!-- Properties_File_French -->
