<?xml version="1.0" encoding="UTF-8"?>
<!-- Generated by org.testng.reporters.JUnitXMLReporter -->
<testsuite ignored="0" hostname="User" failures="0" tests="4" name="Properties_File_English" time="55.835" errors="0" timestamp="2023-12-03T18:29:58 IST">
  <testcase classname="testcases.Create_Lead_01" name="runCreateLead" time="11.969"/>
  <testcase classname="testcases.Create_Lead_01" name="runCreateLead" time="11.26"/>
  <testcase classname="testcases.Login_TC_01" name="runLogin" time="1.049"/>
  <testcase classname="testcases.Login_TC_01" name="runLogin" time="0.985"/>
</testsuite> <!-- Properties_File_English -->
