<?xml version="1.0" encoding="UTF-8"?>
<!-- Generated by org.testng.reporters.JUnitXMLReporter -->
<testsuite ignored="0" hostname="User" failures="0" tests="4" name="XmlTest" time="50.546" errors="0" timestamp="2023-12-03T18:40:37 IST">
  <testcase classname="testcases.Login_TC_01" name="runLogin" time="1.117"/>
  <testcase classname="testcases.Login_TC_01" name="runLogin" time="0.999"/>
  <testcase classname="testcases.Create_Lead_01" name="runCreateLead" time="11.377"/>
  <testcase classname="testcases.Create_Lead_01" name="runCreateLead" time="10.758"/>
</testsuite> <!-- XmlTest -->
