<?xml version="1.0" encoding="UTF-8"?>
<!-- Generated by org.testng.reporters.JUnitXMLReporter -->
<testsuite ignored="2" hostname="User" failures="0" tests="4" name="Properties_File_French" time="82.4" errors="0" timestamp="2023-12-12T19:21:55 IST">
  <testcase classname="testcases.Create_Lead_01" name="runCreateLead" time="24.629"/>
  <testcase classname="testcases.Create_Lead_01" name="runCreateLead" time="28.647"/>
  <testcase classname="testcases.Login_TC_01" name="runLogin" time="1.531"/>
  <testcase classname="testcases.Login_TC_01" name="runLogin" time="2.331"/>
  <testcase classname="base.BaseClass" name="@AfterSuite stopReport" time="0.0">
    <ignored/>
  </testcase> <!-- @AfterSuite stopReport -->
  <testcase classname="base.BaseClass" name="@BeforeSuite startReport" time="0.0">
    <ignored/>
  </testcase> <!-- @BeforeSuite startReport -->
</testsuite> <!-- Properties_File_French -->
