<?xml version="1.0" encoding="UTF-8"?>
<!-- Generated by org.testng.reporters.JUnitXMLReporter -->
<testsuite ignored="2" hostname="User" failures="0" tests="4" name="Test" time="119.64" errors="0" timestamp="2023-12-13T13:36:46 IST">
  <testcase classname="testcases.Create_Lead_01" name="runCreateLead" time="38.769"/>
  <testcase classname="testcases.Create_Lead_01" name="runCreateLead" time="46.881"/>
  <testcase classname="testcases.Login_TC_01" name="runLogin" time="2.211"/>
  <testcase classname="testcases.Login_TC_01" name="runLogin" time="2.362"/>
  <testcase classname="base.BaseClass" name="@AfterSuite stopReport" time="0.0">
    <ignored/>
  </testcase> <!-- @AfterSuite stopReport -->
  <testcase classname="base.BaseClass" name="@BeforeSuite startReport" time="0.0">
    <ignored/>
  </testcase> <!-- @BeforeSuite startReport -->
</testsuite> <!-- Test -->
