<?xml version="1.0" encoding="UTF-8"?>
<!-- Generated by org.testng.reporters.JUnitXMLReporter -->
<testsuite ignored="2" hostname="User" failures="0" tests="4" name="Properties_File_English" time="97.065" errors="0" timestamp="2023-12-24T19:42:15 IST">
  <testcase classname="testcases.Create_Lead_01" name="runCreateLead" time="38.065"/>
  <testcase classname="testcases.Create_Lead_01" name="runCreateLead" time="26.164"/>
  <testcase classname="testcases.Login_TC_01" name="runLogin" time="2.672"/>
  <testcase classname="testcases.Login_TC_01" name="runLogin" time="2.924"/>
  <testcase classname="base.BaseClass" name="@AfterSuite stopReport" time="0.0">
    <ignored/>
  </testcase> <!-- @AfterSuite stopReport -->
  <testcase classname="base.BaseClass" name="@BeforeSuite startReport" time="0.0">
    <ignored/>
  </testcase> <!-- @BeforeSuite startReport -->
</testsuite> <!-- Properties_File_English -->
