<?xml version="1.0" encoding="UTF-8"?>
<!-- Generated by org.testng.reporters.JUnitXMLReporter -->
<testsuite ignored="2" hostname="User" failures="0" tests="4" name="Test" time="60.139" errors="0" timestamp="20 Dec 2023 07:57:35 GMT">
  <testcase classname="testcases.Create_Lead_01" name="runCreateLead" time="34.17"/>
  <testcase classname="testcases.Create_Lead_01" name="runCreateLead" time="34.716"/>
  <testcase classname="testcases.Login_TC_01" name="runLogin" time="3.513"/>
  <testcase classname="testcases.Login_TC_01" name="runLogin" time="3.055"/>
  <testcase classname="base.BaseClass" name="@BeforeSuite startReport" time="0.0">
    <ignored/>
  </testcase> <!-- @BeforeSuite startReport -->
  <testcase classname="base.BaseClass" name="@AfterSuite stopReport" time="0.0">
    <ignored/>
  </testcase> <!-- @AfterSuite stopReport -->
</testsuite> <!-- Test -->
