<?xml version="1.0" encoding="UTF-8"?>
<testng-results ignored="0" total="2" passed="2" failed="0" skipped="0">
  <reporter-output>
  </reporter-output>
  <suite started-at="2023-12-12T17:18:03 IST" name="Default suite" finished-at="2023-12-12T17:18:22 IST" duration-ms="18960">
    <groups>
      <group name="cucumber">
        <method signature="AbstractTestNGCucumberTests.runScenario(io.cucumber.testng.PickleWrapper,io.cucumber.testng.FeatureWrapper)[pri:0, instance:testcases.Login_TC_01@1283bb96]" name="runScenario" class="io.cucumber.testng.AbstractTestNGCucumberTests"/>
      </group> <!-- cucumber -->
    </groups>
    <test started-at="2023-12-12T17:18:03 IST" name="Default test" finished-at="2023-12-12T17:18:22 IST" duration-ms="18960">
      <class name="testcases.Login_TC_01">
        <test-method is-config="true" signature="startReport()[pri:0, instance:testcases.Login_TC_01@1283bb96]" started-at="2023-12-12T17:18:02 IST" name="startReport" finished-at="2023-12-12T17:18:03 IST" duration-ms="374" status="PASS">
          <reporter-output>
          </reporter-output>
        </test-method> <!-- startReport -->
        <test-method is-config="true" signature="setValue()[pri:0, instance:testcases.Login_TC_01@1283bb96]" started-at="2023-12-12T17:18:03 IST" name="setValue" finished-at="2023-12-12T17:18:03 IST" duration-ms="0" status="PASS">
          <reporter-output>
          </reporter-output>
        </test-method> <!-- setValue -->
        <test-method is-config="true" signature="setUpClass(org.testng.ITestContext)[pri:0, instance:testcases.Login_TC_01@1283bb96]" started-at="2023-12-12T17:18:03 IST" name="setUpClass" finished-at="2023-12-12T17:18:03 IST" duration-ms="513" status="PASS">
          <params>
            <param index="0">
              <value>
                <![CDATA[org.testng.TestRunner@38b8b6c0]]>
              </value>
            </param>
          </params>
          <reporter-output>
          </reporter-output>
        </test-method> <!-- setUpClass -->
        <test-method is-config="true" signature="testDetails()[pri:0, instance:testcases.Login_TC_01@1283bb96]" started-at="2023-12-12T17:18:03 IST" name="testDetails" finished-at="2023-12-12T17:18:03 IST" duration-ms="21" status="PASS">
          <reporter-output>
          </reporter-output>
        </test-method> <!-- testDetails -->
        <test-method is-config="true" signature="preCondition(java.lang.String)[pri:0, instance:testcases.Login_TC_01@1283bb96]" started-at="2023-12-12T17:18:03 IST" name="preCondition" finished-at="2023-12-12T17:18:12 IST" duration-ms="8431" status="PASS">
          <params>
            <param index="0">
              <value>
                <![CDATA[langName]]>
              </value>
            </param>
          </params>
          <reporter-output>
          </reporter-output>
        </test-method> <!-- preCondition -->
        <test-method signature="runLogin(java.util.Map)[pri:0, instance:testcases.Login_TC_01@1283bb96]" started-at="2023-12-12T17:18:12 IST" name="runLogin" data-provider="fetchData" finished-at="2023-12-12T17:18:14 IST" duration-ms="1916" status="PASS">
          <params>
            <param index="0">
              <value>
                <![CDATA[{password=crmsfa, firstname=Hari, companyname=Testleaf, username=Demosalesmanager, lastname=R}]]>
              </value>
            </param>
          </params>
          <reporter-output>
          </reporter-output>
        </test-method> <!-- runLogin -->
        <test-method is-config="true" signature="postCondition()[pri:0, instance:testcases.Login_TC_01@1283bb96]" started-at="2023-12-12T17:18:14 IST" name="postCondition" finished-at="2023-12-12T17:18:14 IST" duration-ms="194" status="PASS">
          <reporter-output>
          </reporter-output>
        </test-method> <!-- postCondition -->
        <test-method is-config="true" signature="preCondition(java.lang.String)[pri:0, instance:testcases.Login_TC_01@1283bb96]" started-at="2023-12-12T17:18:14 IST" name="preCondition" finished-at="2023-12-12T17:18:20 IST" duration-ms="5965" status="PASS">
          <params>
            <param index="0">
              <value>
                <![CDATA[langName]]>
              </value>
            </param>
          </params>
          <reporter-output>
          </reporter-output>
        </test-method> <!-- preCondition -->
        <test-method signature="runLogin(java.util.Map)[pri:0, instance:testcases.Login_TC_01@1283bb96]" started-at="2023-12-12T17:18:20 IST" name="runLogin" data-provider="fetchData" finished-at="2023-12-12T17:18:21 IST" duration-ms="1575" status="PASS">
          <params>
            <param index="0">
              <value>
                <![CDATA[{password=crmsfa, firstname=Aravind, companyname=Queagle, username=DemoCSR, lastname=R}]]>
              </value>
            </param>
          </params>
          <reporter-output>
          </reporter-output>
        </test-method> <!-- runLogin -->
        <test-method is-config="true" signature="postCondition()[pri:0, instance:testcases.Login_TC_01@1283bb96]" started-at="2023-12-12T17:18:21 IST" name="postCondition" finished-at="2023-12-12T17:18:22 IST" duration-ms="205" status="PASS">
          <reporter-output>
          </reporter-output>
        </test-method> <!-- postCondition -->
        <test-method is-config="true" signature="tearDownClass()[pri:0, instance:testcases.Login_TC_01@1283bb96]" started-at="2023-12-12T17:18:22 IST" name="tearDownClass" finished-at="2023-12-12T17:18:22 IST" duration-ms="20" status="PASS">
          <reporter-output>
          </reporter-output>
        </test-method> <!-- tearDownClass -->
        <test-method is-config="true" signature="stopReport()[pri:0, instance:testcases.Login_TC_01@1283bb96]" started-at="2023-12-12T17:18:22 IST" name="stopReport" finished-at="2023-12-12T17:18:22 IST" duration-ms="596" status="PASS">
          <reporter-output>
          </reporter-output>
        </test-method> <!-- stopReport -->
      </class> <!-- testcases.Login_TC_01 -->
    </test> <!-- Default test -->
  </suite> <!-- Default suite -->
</testng-results>
